                                      1 ;--------------------------------------------------------
                                      2 ; File Created by SDCC : free open source ISO C Compiler
                                      3 ; Version 4.5.0 #15242 (Linux)
                                      4 ;--------------------------------------------------------
                                      5 	.module piscaComTimer
                                      6 	
                                      7 	.optsdcc -mmcs51 --model-small
                                      8 ;--------------------------------------------------------
                                      9 ; Public variables in this module
                                     10 ;--------------------------------------------------------
                                     11 	.globl _CY
                                     12 	.globl _AC
                                     13 	.globl _F0
                                     14 	.globl _RS1
                                     15 	.globl _RS0
                                     16 	.globl _OV
                                     17 	.globl _F1
                                     18 	.globl _P
                                     19 	.globl _PS
                                     20 	.globl _PT1
                                     21 	.globl _PX1
                                     22 	.globl _PT0
                                     23 	.globl _PX0
                                     24 	.globl _RD
                                     25 	.globl _WR
                                     26 	.globl _T1
                                     27 	.globl _T0
                                     28 	.globl _INT1
                                     29 	.globl _INT0
                                     30 	.globl _TXD
                                     31 	.globl _RXD
                                     32 	.globl _P3_7
                                     33 	.globl _P3_6
                                     34 	.globl _P3_5
                                     35 	.globl _P3_4
                                     36 	.globl _P3_3
                                     37 	.globl _P3_2
                                     38 	.globl _P3_1
                                     39 	.globl _P3_0
                                     40 	.globl _EA
                                     41 	.globl _ES
                                     42 	.globl _ET1
                                     43 	.globl _EX1
                                     44 	.globl _ET0
                                     45 	.globl _EX0
                                     46 	.globl _P2_7
                                     47 	.globl _P2_6
                                     48 	.globl _P2_5
                                     49 	.globl _P2_4
                                     50 	.globl _P2_3
                                     51 	.globl _P2_2
                                     52 	.globl _P2_1
                                     53 	.globl _P2_0
                                     54 	.globl _SM0
                                     55 	.globl _SM1
                                     56 	.globl _SM2
                                     57 	.globl _REN
                                     58 	.globl _TB8
                                     59 	.globl _RB8
                                     60 	.globl _TI
                                     61 	.globl _RI
                                     62 	.globl _P1_7
                                     63 	.globl _P1_6
                                     64 	.globl _P1_5
                                     65 	.globl _P1_4
                                     66 	.globl _P1_3
                                     67 	.globl _P1_2
                                     68 	.globl _P1_1
                                     69 	.globl _P1_0
                                     70 	.globl _TF1
                                     71 	.globl _TR1
                                     72 	.globl _TF0
                                     73 	.globl _TR0
                                     74 	.globl _IE1
                                     75 	.globl _IT1
                                     76 	.globl _IE0
                                     77 	.globl _IT0
                                     78 	.globl _P0_7
                                     79 	.globl _P0_6
                                     80 	.globl _P0_5
                                     81 	.globl _P0_4
                                     82 	.globl _P0_3
                                     83 	.globl _P0_2
                                     84 	.globl _P0_1
                                     85 	.globl _P0_0
                                     86 	.globl _B
                                     87 	.globl _ACC
                                     88 	.globl _PSW
                                     89 	.globl _IP
                                     90 	.globl _P3
                                     91 	.globl _IE
                                     92 	.globl _P2
                                     93 	.globl _SBUF
                                     94 	.globl _SCON
                                     95 	.globl _P1
                                     96 	.globl _TH1
                                     97 	.globl _TH0
                                     98 	.globl _TL1
                                     99 	.globl _TL0
                                    100 	.globl _TMOD
                                    101 	.globl _TCON
                                    102 	.globl _PCON
                                    103 	.globl _DPH
                                    104 	.globl _DPL
                                    105 	.globl _SP
                                    106 	.globl _P0
                                    107 	.globl _pressiona_botao
                                    108 	.globl _espera_botao_zerar
                                    109 	.globl _main
                                    110 ;--------------------------------------------------------
                                    111 ; special function registers
                                    112 ;--------------------------------------------------------
                                    113 	.area RSEG    (ABS,DATA)
      000000                        114 	.org 0x0000
                           000080   115 _P0	=	0x0080
                           000081   116 _SP	=	0x0081
                           000082   117 _DPL	=	0x0082
                           000083   118 _DPH	=	0x0083
                           000087   119 _PCON	=	0x0087
                           000088   120 _TCON	=	0x0088
                           000089   121 _TMOD	=	0x0089
                           00008A   122 _TL0	=	0x008a
                           00008B   123 _TL1	=	0x008b
                           00008C   124 _TH0	=	0x008c
                           00008D   125 _TH1	=	0x008d
                           000090   126 _P1	=	0x0090
                           000098   127 _SCON	=	0x0098
                           000099   128 _SBUF	=	0x0099
                           0000A0   129 _P2	=	0x00a0
                           0000A8   130 _IE	=	0x00a8
                           0000B0   131 _P3	=	0x00b0
                           0000B8   132 _IP	=	0x00b8
                           0000D0   133 _PSW	=	0x00d0
                           0000E0   134 _ACC	=	0x00e0
                           0000F0   135 _B	=	0x00f0
                                    136 ;--------------------------------------------------------
                                    137 ; special function bits
                                    138 ;--------------------------------------------------------
                                    139 	.area RSEG    (ABS,DATA)
      000000                        140 	.org 0x0000
                           000080   141 _P0_0	=	0x0080
                           000081   142 _P0_1	=	0x0081
                           000082   143 _P0_2	=	0x0082
                           000083   144 _P0_3	=	0x0083
                           000084   145 _P0_4	=	0x0084
                           000085   146 _P0_5	=	0x0085
                           000086   147 _P0_6	=	0x0086
                           000087   148 _P0_7	=	0x0087
                           000088   149 _IT0	=	0x0088
                           000089   150 _IE0	=	0x0089
                           00008A   151 _IT1	=	0x008a
                           00008B   152 _IE1	=	0x008b
                           00008C   153 _TR0	=	0x008c
                           00008D   154 _TF0	=	0x008d
                           00008E   155 _TR1	=	0x008e
                           00008F   156 _TF1	=	0x008f
                           000090   157 _P1_0	=	0x0090
                           000091   158 _P1_1	=	0x0091
                           000092   159 _P1_2	=	0x0092
                           000093   160 _P1_3	=	0x0093
                           000094   161 _P1_4	=	0x0094
                           000095   162 _P1_5	=	0x0095
                           000096   163 _P1_6	=	0x0096
                           000097   164 _P1_7	=	0x0097
                           000098   165 _RI	=	0x0098
                           000099   166 _TI	=	0x0099
                           00009A   167 _RB8	=	0x009a
                           00009B   168 _TB8	=	0x009b
                           00009C   169 _REN	=	0x009c
                           00009D   170 _SM2	=	0x009d
                           00009E   171 _SM1	=	0x009e
                           00009F   172 _SM0	=	0x009f
                           0000A0   173 _P2_0	=	0x00a0
                           0000A1   174 _P2_1	=	0x00a1
                           0000A2   175 _P2_2	=	0x00a2
                           0000A3   176 _P2_3	=	0x00a3
                           0000A4   177 _P2_4	=	0x00a4
                           0000A5   178 _P2_5	=	0x00a5
                           0000A6   179 _P2_6	=	0x00a6
                           0000A7   180 _P2_7	=	0x00a7
                           0000A8   181 _EX0	=	0x00a8
                           0000A9   182 _ET0	=	0x00a9
                           0000AA   183 _EX1	=	0x00aa
                           0000AB   184 _ET1	=	0x00ab
                           0000AC   185 _ES	=	0x00ac
                           0000AF   186 _EA	=	0x00af
                           0000B0   187 _P3_0	=	0x00b0
                           0000B1   188 _P3_1	=	0x00b1
                           0000B2   189 _P3_2	=	0x00b2
                           0000B3   190 _P3_3	=	0x00b3
                           0000B4   191 _P3_4	=	0x00b4
                           0000B5   192 _P3_5	=	0x00b5
                           0000B6   193 _P3_6	=	0x00b6
                           0000B7   194 _P3_7	=	0x00b7
                           0000B0   195 _RXD	=	0x00b0
                           0000B1   196 _TXD	=	0x00b1
                           0000B2   197 _INT0	=	0x00b2
                           0000B3   198 _INT1	=	0x00b3
                           0000B4   199 _T0	=	0x00b4
                           0000B5   200 _T1	=	0x00b5
                           0000B6   201 _WR	=	0x00b6
                           0000B7   202 _RD	=	0x00b7
                           0000B8   203 _PX0	=	0x00b8
                           0000B9   204 _PT0	=	0x00b9
                           0000BA   205 _PX1	=	0x00ba
                           0000BB   206 _PT1	=	0x00bb
                           0000BC   207 _PS	=	0x00bc
                           0000D0   208 _P	=	0x00d0
                           0000D1   209 _F1	=	0x00d1
                           0000D2   210 _OV	=	0x00d2
                           0000D3   211 _RS0	=	0x00d3
                           0000D4   212 _RS1	=	0x00d4
                           0000D5   213 _F0	=	0x00d5
                           0000D6   214 _AC	=	0x00d6
                           0000D7   215 _CY	=	0x00d7
                                    216 ;--------------------------------------------------------
                                    217 ; overlayable register banks
                                    218 ;--------------------------------------------------------
                                    219 	.area REG_BANK_0	(REL,OVR,DATA)
      000000                        220 	.ds 8
                                    221 ;--------------------------------------------------------
                                    222 ; internal ram data
                                    223 ;--------------------------------------------------------
                                    224 	.area DSEG    (DATA)
                                    225 ;--------------------------------------------------------
                                    226 ; overlayable items in internal ram
                                    227 ;--------------------------------------------------------
                                    228 ;--------------------------------------------------------
                                    229 ; Stack segment in internal ram
                                    230 ;--------------------------------------------------------
                                    231 	.area SSEG
      000000                        232 __start__stack:
      000000                        233 	.ds	1
                                    234 
                                    235 ;--------------------------------------------------------
                                    236 ; indirectly addressable internal ram data
                                    237 ;--------------------------------------------------------
                                    238 	.area ISEG    (DATA)
                                    239 ;--------------------------------------------------------
                                    240 ; absolute internal ram data
                                    241 ;--------------------------------------------------------
                                    242 	.area IABS    (ABS,DATA)
                                    243 	.area IABS    (ABS,DATA)
                                    244 ;--------------------------------------------------------
                                    245 ; bit data
                                    246 ;--------------------------------------------------------
                                    247 	.area BSEG    (BIT)
                                    248 ;--------------------------------------------------------
                                    249 ; paged external ram data
                                    250 ;--------------------------------------------------------
                                    251 	.area PSEG    (PAG,XDATA)
                                    252 ;--------------------------------------------------------
                                    253 ; uninitialized external ram data
                                    254 ;--------------------------------------------------------
                                    255 	.area XSEG    (XDATA)
                                    256 ;--------------------------------------------------------
                                    257 ; absolute external ram data
                                    258 ;--------------------------------------------------------
                                    259 	.area XABS    (ABS,XDATA)
                                    260 ;--------------------------------------------------------
                                    261 ; initialized external ram data
                                    262 ;--------------------------------------------------------
                                    263 	.area XISEG   (XDATA)
                                    264 	.area HOME    (CODE)
                                    265 	.area GSINIT0 (CODE)
                                    266 	.area GSINIT1 (CODE)
                                    267 	.area GSINIT2 (CODE)
                                    268 	.area GSINIT3 (CODE)
                                    269 	.area GSINIT4 (CODE)
                                    270 	.area GSINIT5 (CODE)
                                    271 	.area GSINIT  (CODE)
                                    272 	.area GSFINAL (CODE)
                                    273 	.area CSEG    (CODE)
                                    274 ;--------------------------------------------------------
                                    275 ; interrupt vector
                                    276 ;--------------------------------------------------------
                                    277 	.area HOME    (CODE)
      000000                        278 __interrupt_vect:
      000000 02r00r00         [24]  279 	ljmp	__sdcc_gsinit_startup
      000003 02r00r00         [24]  280 	ljmp	_pressiona_botao
                                    281 ; restartable atomic support routines
      000006                        282 	.ds	2
      000008                        283 sdcc_atomic_exchange_rollback_start::
      000008 00               [12]  284 	nop
      000009 00               [12]  285 	nop
      00000A                        286 sdcc_atomic_exchange_pdata_impl:
      00000A E2               [24]  287 	movx	a, @r0
      00000B FB               [12]  288 	mov	r3, a
      00000C EA               [12]  289 	mov	a, r2
      00000D F2               [24]  290 	movx	@r0, a
      00000E 80 2C            [24]  291 	sjmp	sdcc_atomic_exchange_exit
      000010 00               [12]  292 	nop
      000011 00               [12]  293 	nop
      000012                        294 sdcc_atomic_exchange_xdata_impl:
      000012 E0               [24]  295 	movx	a, @dptr
      000013 FB               [12]  296 	mov	r3, a
      000014 EA               [12]  297 	mov	a, r2
      000015 F0               [24]  298 	movx	@dptr, a
      000016 80 24            [24]  299 	sjmp	sdcc_atomic_exchange_exit
      000018                        300 sdcc_atomic_compare_exchange_idata_impl:
      000018 E6               [12]  301 	mov	a, @r0
      000019 B5 02 02         [24]  302 	cjne	a, ar2, .+#5
      00001C EB               [12]  303 	mov	a, r3
      00001D F6               [12]  304 	mov	@r0, a
      00001E 22               [24]  305 	ret
      00001F 00               [12]  306 	nop
      000020                        307 sdcc_atomic_compare_exchange_pdata_impl:
      000020 E2               [24]  308 	movx	a, @r0
      000021 B5 02 02         [24]  309 	cjne	a, ar2, .+#5
      000024 EB               [12]  310 	mov	a, r3
      000025 F2               [24]  311 	movx	@r0, a
      000026 22               [24]  312 	ret
      000027 00               [12]  313 	nop
      000028                        314 sdcc_atomic_compare_exchange_xdata_impl:
      000028 E0               [24]  315 	movx	a, @dptr
      000029 B5 02 02         [24]  316 	cjne	a, ar2, .+#5
      00002C EB               [12]  317 	mov	a, r3
      00002D F0               [24]  318 	movx	@dptr, a
      00002E 22               [24]  319 	ret
      00002F                        320 sdcc_atomic_exchange_rollback_end::
                                    321 
      00002F                        322 sdcc_atomic_exchange_gptr_impl::
      00002F 30 F6 E0         [24]  323 	jnb	b.6, sdcc_atomic_exchange_xdata_impl
      000032 A8 82            [24]  324 	mov	r0, dpl
      000034 20 F5 D3         [24]  325 	jb	b.5, sdcc_atomic_exchange_pdata_impl
      000037                        326 sdcc_atomic_exchange_idata_impl:
      000037 EA               [12]  327 	mov	a, r2
      000038 C6               [12]  328 	xch	a, @r0
      000039 F5 82            [12]  329 	mov	dpl, a
      00003B 22               [24]  330 	ret
      00003C                        331 sdcc_atomic_exchange_exit:
      00003C 8B 82            [24]  332 	mov	dpl, r3
      00003E 22               [24]  333 	ret
      00003F                        334 sdcc_atomic_compare_exchange_gptr_impl::
      00003F 30 F6 E6         [24]  335 	jnb	b.6, sdcc_atomic_compare_exchange_xdata_impl
      000042 A8 82            [24]  336 	mov	r0, dpl
      000044 20 F5 D9         [24]  337 	jb	b.5, sdcc_atomic_compare_exchange_pdata_impl
      000047 80 CF            [24]  338 	sjmp	sdcc_atomic_compare_exchange_idata_impl
                                    339 ;--------------------------------------------------------
                                    340 ; global & static initialisations
                                    341 ;--------------------------------------------------------
                                    342 	.area HOME    (CODE)
                                    343 	.area GSINIT  (CODE)
                                    344 	.area GSFINAL (CODE)
                                    345 	.area GSINIT  (CODE)
                                    346 	.globl __sdcc_gsinit_startup
                                    347 	.globl __sdcc_program_startup
                                    348 	.globl __start__stack
                                    349 	.globl __mcs51_genXINIT
                                    350 	.globl __mcs51_genXRAMCLEAR
                                    351 	.globl __mcs51_genRAMCLEAR
                                    352 	.area GSFINAL (CODE)
      000000 02r00r49         [24]  353 	ljmp	__sdcc_program_startup
                                    354 ;--------------------------------------------------------
                                    355 ; Home
                                    356 ;--------------------------------------------------------
                                    357 	.area HOME    (CODE)
                                    358 	.area HOME    (CODE)
      000049                        359 __sdcc_program_startup:
      000049 02r00r0A         [24]  360 	ljmp	_main
                                    361 ;	return from main will return to caller
                                    362 ;--------------------------------------------------------
                                    363 ; code
                                    364 ;--------------------------------------------------------
                                    365 	.area CSEG    (CODE)
                                    366 ;------------------------------------------------------------
                                    367 ;Allocation info for local variables in function 'pressiona_botao'
                                    368 ;------------------------------------------------------------
                                    369 ;	../src/interrupcoes.h:15: void pressiona_botao(void) __interrupt(0)  //subrotina para tratar interrupção de pressionar botao
                                    370 ;	-----------------------------------------
                                    371 ;	 function pressiona_botao
                                    372 ;	-----------------------------------------
      000000                        373 _pressiona_botao:
                           000007   374 	ar7 = 0x07
                           000006   375 	ar6 = 0x06
                           000005   376 	ar5 = 0x05
                           000004   377 	ar4 = 0x04
                           000003   378 	ar3 = 0x03
                           000002   379 	ar2 = 0x02
                           000001   380 	ar1 = 0x01
                           000000   381 	ar0 = 0x00
                                    382 ;	../src/interrupcoes.h:17: if(LED==1){
                                    383 ;	../src/interrupcoes.h:18: LED=0;	
                                    384 ;	assignBit
      000000 10 90 02         [24]  385 	jbc	_P1_0,00104$
                                    386 ;	../src/interrupcoes.h:20: LED=1;
                                    387 ;	assignBit
      000003 D2 90            [12]  388 	setb	_P1_0
      000005                        389 00104$:
                                    390 ;	../src/interrupcoes.h:25: }
      000005 32               [24]  391 	reti
                                    392 ;	eliminated unneeded mov psw,# (no regs used in bank)
                                    393 ;	eliminated unneeded push/pop not_psw
                                    394 ;	eliminated unneeded push/pop dpl
                                    395 ;	eliminated unneeded push/pop dph
                                    396 ;	eliminated unneeded push/pop b
                                    397 ;	eliminated unneeded push/pop acc
                                    398 ;------------------------------------------------------------
                                    399 ;Allocation info for local variables in function 'espera_botao_zerar'
                                    400 ;------------------------------------------------------------
                                    401 ;	../src/interrupcoes.h:29: void espera_botao_zerar(void)
                                    402 ;	-----------------------------------------
                                    403 ;	 function espera_botao_zerar
                                    404 ;	-----------------------------------------
      000006                        405 _espera_botao_zerar:
                                    406 ;	../src/interrupcoes.h:31: while(BUTTON==0){};
      000006                        407 00101$:
      000006 30 B2 FD         [24]  408 	jnb	_P3_2,00101$
                                    409 ;	../src/interrupcoes.h:32: }
      000009 22               [24]  410 	ret
                                    411 ;------------------------------------------------------------
                                    412 ;Allocation info for local variables in function 'main'
                                    413 ;------------------------------------------------------------
                                    414 ;	../src/piscaComTimer.c:27: int main(void)
                                    415 ;	-----------------------------------------
                                    416 ;	 function main
                                    417 ;	-----------------------------------------
      00000A                        418 _main:
                                    419 ;	../src/piscaComTimer.c:29: EA=1;
                                    420 ;	assignBit
      00000A D2 AF            [12]  421 	setb	_EA
                                    422 ;	../src/piscaComTimer.c:30: IT0=1;
                                    423 ;	assignBit
      00000C D2 88            [12]  424 	setb	_IT0
                                    425 ;	../src/piscaComTimer.c:31: EX0=1;
                                    426 ;	assignBit
      00000E D2 A8            [12]  427 	setb	_EX0
                                    428 ;	../src/piscaComTimer.c:33: while(1){
      000010                        429 00102$:
                                    430 ;	../src/piscaComTimer.c:37: }
      000010 80 FE            [24]  431 	sjmp	00102$
                                    432 	.area CSEG    (CODE)
                                    433 	.area CONST   (CODE)
                                    434 	.area XINIT   (CODE)
                                    435 	.area CABS    (ABS,CODE)
